\BOOKMARK [0][-]{chapter.1}{Introducci\363n}{}% 1
\BOOKMARK [1][-]{section.1.1}{Objetivos}{chapter.1}% 2
\BOOKMARK [1][-]{section.1.2}{Estructura del documento}{chapter.1}% 3
\BOOKMARK [0][-]{chapter.2}{Simulaci\363n de las turbulencias atmosf\351ricas}{}% 4
\BOOKMARK [1][-]{section.2.1}{Modelo de turbulencia de Kolmogorov}{chapter.2}% 5
\BOOKMARK [2][-]{subsection.2.1.1}{Par\341metro estructural de \355ndice de refracci\363n Cn2}{section.2.1}% 6
\BOOKMARK [1][-]{section.2.2}{Simulaci\363n atmosf\351rica usando LES}{chapter.2}% 7
\BOOKMARK [2][-]{subsection.2.2.1}{Fundamentos de LES y Software PALM}{section.2.2}% 8
\BOOKMARK [2][-]{subsection.2.2.2}{Resultados de las simulaciones atmosf\351ricas}{section.2.2}% 9
\BOOKMARK [0][-]{chapter.3}{Propagaci\363n de la luz en medios inhomog\351neos}{}% 10
\BOOKMARK [1][-]{section.3.1}{Algoritmo de espectro angular para la propagaci\363n de la luz en la atm\363sfera}{chapter.3}% 11
\BOOKMARK [1][-]{section.3.2}{Definici\363n de n y }{chapter.3}% 12
\BOOKMARK [1][-]{section.3.3}{C\341lculo de las m\341scaras de fase usando PSDs}{chapter.3}% 13
\BOOKMARK [1][-]{section.3.4}{Funci\363n de transferencia \363ptica \(OTF\) y funci\363n de punto esparcido \(PSF\)}{chapter.3}% 14
\BOOKMARK [1][-]{section.3.5}{Resultados}{chapter.3}% 15
\BOOKMARK [0][-]{chapter.4}{Espectro-polarimetr\355a Solar}{}% 16
\BOOKMARK [1][-]{section.4.1}{Secci\363n 1}{chapter.4}% 17
\BOOKMARK [2][-]{subsection.4.1.1}{Subsecci\363n 1}{section.4.1}% 18
\BOOKMARK [2][-]{subsection.4.1.2}{Subsecci\363n 2}{section.4.1}% 19
\BOOKMARK [0][-]{chapter.5}{Conclusiones y trabajo futuro}{}% 20
\BOOKMARK [1][-]{section.5.1}{Conclusiones generales}{chapter.5}% 21
\BOOKMARK [1][-]{section.5.2}{Conclusiones por cap\355tulo}{chapter.5}% 22
\BOOKMARK [2][-]{subsection.5.2.1}{Simulaci\363n de las turbulencias atmosf\351ricas}{section.5.2}% 23
\BOOKMARK [2][-]{subsection.5.2.2}{Propagaci\363n de la luz en medios inhomog\351neos}{section.5.2}% 24
\BOOKMARK [2][-]{subsection.5.2.3}{Espectro-polarimetr\355a Solar}{section.5.2}% 25
\BOOKMARK [1][-]{section.5.3}{Trabajo futuro}{chapter.5}% 26
\BOOKMARK [0][-]{chapter*.12}{Bibliograf\355a}{}% 27
\BOOKMARK [0][-]{appendix.Alph1}{Configuraci\363n PALM}{}% 28
\BOOKMARK [0][-]{appendix.Alph2}{Rutina de simulaci\363n de la propagaci\363n de la luz}{}% 29
